<?xml version="1.0" encoding="UTF-8"?>
<!-- Generated by org.testng.reporters.JUnitReportReporter -->
<testsuite hostname="DESKTOP-MUPOVES" failures="0" tests="5" name="testCasesLoginPkg.LoginTest" time="74.700" errors="0" timestamp="2021-10-26T12:38:12 IST" skipped="0">
  <testcase classname="testCasesLoginPkg.LoginTest" name="doLogin" time="55.096"/>
  <system-out/>
  <testcase classname="testCasesLoginPkg.LoginTest" name="doLogin" time="4.219"/>
  <system-out/>
  <testcase classname="testCasesLoginPkg.LoginTest" name="doLogin" time="6.534"/>
  <system-out/>
  <testcase classname="testCasesLoginPkg.LoginTest" name="verifyLoginTitle" time="3.995"/>
  <system-out/>
  <testcase classname="testCasesLoginPkg.LoginTest" name="doLogin" time="4.856"/>
  <system-out/>
</testsuite> <!-- testCasesLoginPkg.LoginTest -->
