<?xml version="1.0" encoding="UTF-8"?>
<!-- Generated by org.testng.reporters.JUnitReportReporter -->
<testsuite skipped="0" hostname="DESKTOP-MUPOVES" name="testCasesLoginPkg.LoginTest" tests="5" failures="0" timestamp="2021-10-26T12:40:37 IST" time="38.530" errors="0">
  <testcase name="doLogin" time="14.839" classname="testCasesLoginPkg.LoginTest"/>
  <system-out/>
  <testcase name="doLogin" time="7.520" classname="testCasesLoginPkg.LoginTest"/>
  <system-out/>
  <testcase name="verifyLoginTitle" time="5.190" classname="testCasesLoginPkg.LoginTest"/>
  <system-out/>
  <testcase name="doLogin" time="6.169" classname="testCasesLoginPkg.LoginTest"/>
  <system-out/>
  <testcase name="doLogin" time="4.812" classname="testCasesLoginPkg.LoginTest"/>
  <system-out/>
</testsuite> <!-- testCasesLoginPkg.LoginTest -->
